[debug] [2020-12-21T11:12:22.926Z] ----------------------------------------------------------------------
[debug] [2020-12-21T11:12:22.928Z] Command:       C:\Program Files\nodejs\node.exe C:\Users\samue\AppData\Roaming\npm\node_modules\firebase-tools\lib\bin\firebase.js init
[debug] [2020-12-21T11:12:22.928Z] CLI Version:   9.0.1
[debug] [2020-12-21T11:12:22.928Z] Platform:      win32
[debug] [2020-12-21T11:12:22.928Z] Node Version:  v12.18.4
[debug] [2020-12-21T11:12:22.929Z] Time:          Mon Dec 21 2020 11:12:22 GMT+0000 (GMT)
[debug] [2020-12-21T11:12:22.930Z] ----------------------------------------------------------------------
[debug] [2020-12-21T11:12:22.930Z] 
[debug] [2020-12-21T11:12:22.932Z] >>> [apiv2][query] GET https://firebase-public.firebaseio.com/cli.json [none]
[debug] [2020-12-21T11:12:22.951Z] > command requires scopes: ["email","openid","https://www.googleapis.com/auth/cloudplatformprojects.readonly","https://www.googleapis.com/auth/firebase","https://www.googleapis.com/auth/cloud-platform"]
[debug] [2020-12-21T11:12:22.951Z] > authorizing via signed-in user
[info] 
     ######## #### ########  ######## ########     ###     ######  ########
     ##        ##  ##     ## ##       ##     ##  ##   ##  ##       ##
     ######    ##  ########  ######   ########  #########  ######  ######
     ##        ##  ##    ##  ##       ##     ## ##     ##       ## ##
     ##       #### ##     ## ######## ########  ##     ##  ######  ########

You're about to initialize a Firebase project in this directory:

  C:\React\noised

Before we get started, keep in mind:

  * You are currently outside your home directory

[debug] [2020-12-21T11:12:23.438Z] <<< [apiv2][status] GET https://firebase-public.firebaseio.com/cli.json 200
[debug] [2020-12-21T11:12:23.438Z] <<< [apiv2][body] GET https://firebase-public.firebaseio.com/cli.json {"cloudBuildErrorAfter":1594252800000,"cloudBuildWarnAfter":1590019200000,"defaultNode10After":1594252800000,"minVersion":"3.0.5","node8DeploysDisabledAfter":1613390400000,"node8RuntimeDisabledAfter":1615809600000,"node8WarnAfter":1600128000000}
